<?xml version="1.0" encoding="UTF-8"?>
<testsuite xmlns:xsi="http://www.w3.org/2001/XMLSchema-instance" xsi:noNamespaceSchemaLocation="https://maven.apache.org/surefire/maven-surefire-plugin/xsd/surefire-test-report.xsd" name="scraper.ScraperTest" time="8.01" tests="3" errors="0" skipped="0" failures="0">
  <properties>
[...]
</properties>
  <testcase name="getListOfClassesTest" classname="scraper.ScraperTest" time="0.867"/>
  <testcase name="scrapeSiteTest" classname="scraper.ScraperTest" time="6.676"/>
  <testcase name="getListOfTagsTest" classname="scraper.ScraperTest" time="0.458"/>
</testsuite>