<?xml version="1.0" encoding="UTF-8"?>
<testsuite xmlns:xsi="http://www.w3.org/2001/XMLSchema-instance" xsi:noNamespaceSchemaLocation="https://maven.apache.org/surefire/maven-surefire-plugin/xsd/surefire-test-report.xsd" name="scraper.ScraperTest" time="6.247" tests="4" errors="0" skipped="0" failures="0">
  <properties>
[...]
</properties>
  <testcase name="getListOfClassesTest" classname="scraper.ScraperTest" time="0.918"/>
  <testcase name="scrapeTagFromDocumentTest" classname="scraper.ScraperTest" time="0.162"/>
  <testcase name="scrapeSiteTest" classname="scraper.ScraperTest" time="5.016"/>
  <testcase name="getListOfTagsTest" classname="scraper.ScraperTest" time="0.143"/>
</testsuite>